2026-07-04 00:40:38,309 - INFO - Chat server started on ('127.0.0.1', 8888)
2026-07-04 00:41:50,194 - INFO - Server shutting down.
2026-07-04 00:48:37,927 - INFO - Chat server started on ('127.0.0.1', 8888)
2026-07-04 00:52:31,696 - INFO - User 'GET / HTTP/1.1' connected from ('127.0.0.1', 50708)
2026-07-04 00:52:31,696 - INFO - [GET / HTTP/1.1]: Host: 127.0.0.1:8888
2026-07-04 00:52:31,696 - INFO - [GET / HTTP/1.1]: Connection: keep-alive
2026-07-04 00:52:31,696 - INFO - [GET / HTTP/1.1]: sec-ch-ua: "Chromium";v="146", "Not-A.Brand";v="24", "YaBrowser";v="26.4", "Yowser";v="2.5"
2026-07-04 00:52:31,696 - INFO - [GET / HTTP/1.1]: sec-ch-ua-mobile: ?0
2026-07-04 00:52:31,696 - INFO - [GET / HTTP/1.1]: sec-ch-ua-platform: "Windows"
2026-07-04 00:52:31,697 - INFO - [GET / HTTP/1.1]: Upgrade-Insecure-Requests: 1
2026-07-04 00:52:31,697 - INFO - [GET / HTTP/1.1]: User-Agent: Mozilla/5.0 (Windows NT 10.0; Win64; x64) AppleWebKit/537.36 (KHTML, like Gecko) Chrome/146.0.0.0 YaBrowser/26.4.0.0 Safari/537.36
2026-07-04 00:52:31,697 - INFO - [GET / HTTP/1.1]: Accept: text/html,application/xhtml+xml,application/xml;q=0.9,image/avif,image/webp,image/apng,*/*;q=0.8,application/signed-exchange;v=b3;q=0.7
2026-07-04 00:52:31,697 - INFO - [GET / HTTP/1.1]: Sec-Fetch-Site: none
2026-07-04 00:52:31,697 - INFO - [GET / HTTP/1.1]: Sec-Fetch-Mode: navigate
2026-07-04 00:52:31,697 - INFO - [GET / HTTP/1.1]: Sec-Fetch-User: ?1
2026-07-04 00:52:31,697 - INFO - [GET / HTTP/1.1]: Sec-Fetch-Dest: document
2026-07-04 00:52:31,698 - INFO - [GET / HTTP/1.1]: Accept-Encoding: gzip, deflate, br, zstd
2026-07-04 00:52:31,698 - INFO - [GET / HTTP/1.1]: Accept-Language: ru,en;q=0.9
2026-07-04 00:52:31,698 - ERROR - Unhandled exception in client_connected_cb
transport: <_ProactorSocketTransport closed>
Traceback (most recent call last):
  File "Q:\13. Synergy\Python PRO\Продвинутый Python\Итоговый_проект_2\server.py", line 85, in handle_client
    await writer.wait_closed()
  File "C:\Users\Mangust\AppData\Local\Python\pythoncore-3.14-64\Lib\asyncio\streams.py", line 358, in wait_closed
    await self._protocol._get_close_waiter(self)
  File "C:\Users\Mangust\AppData\Local\Python\pythoncore-3.14-64\Lib\asyncio\proactor_events.py", line 402, in _loop_writing
    self._write_fut = self._loop._proactor.send(self._sock, data)
                      ~~~~~~~~~~~~~~~~~~~~~~~~~^^^^^^^^^^^^^^^^^^
  File "C:\Users\Mangust\AppData\Local\Python\pythoncore-3.14-64\Lib\asyncio\windows_events.py", line 543, in send
    ov.WSASend(conn.fileno(), buf, flags)
    ~~~~~~~~~~^^^^^^^^^^^^^^^^^^^^^^^^^^^
ConnectionAbortedError: [WinError 10053] Программа на вашем хост-компьютере разорвала установленное подключение
2026-07-04 00:52:32,730 - INFO - User 'GET / HTTP/1.1' connected from ('127.0.0.1', 53772)
2026-07-04 00:52:32,731 - INFO - [GET / HTTP/1.1]: Host: 127.0.0.1:8888
2026-07-04 00:52:32,731 - INFO - [GET / HTTP/1.1]: Connection: keep-alive
2026-07-04 00:52:32,731 - INFO - [GET / HTTP/1.1]: Cache-Control: max-age=0
2026-07-04 00:52:32,731 - INFO - [GET / HTTP/1.1]: sec-ch-ua: "Chromium";v="146", "Not-A.Brand";v="24", "YaBrowser";v="26.4", "Yowser";v="2.5"
2026-07-04 00:52:32,731 - INFO - [GET / HTTP/1.1]: sec-ch-ua-mobile: ?0
2026-07-04 00:52:32,731 - INFO - [GET / HTTP/1.1]: sec-ch-ua-platform: "Windows"
2026-07-04 00:52:32,732 - INFO - [GET / HTTP/1.1]: Upgrade-Insecure-Requests: 1
2026-07-04 00:52:32,732 - INFO - [GET / HTTP/1.1]: User-Agent: Mozilla/5.0 (Windows NT 10.0; Win64; x64) AppleWebKit/537.36 (KHTML, like Gecko) Chrome/146.0.0.0 YaBrowser/26.4.0.0 Safari/537.36
2026-07-04 00:52:32,732 - INFO - [GET / HTTP/1.1]: Accept: text/html,application/xhtml+xml,application/xml;q=0.9,image/avif,image/webp,image/apng,*/*;q=0.8,application/signed-exchange;v=b3;q=0.7
2026-07-04 00:52:32,732 - INFO - [GET / HTTP/1.1]: Sec-Fetch-Site: none
2026-07-04 00:52:32,732 - INFO - [GET / HTTP/1.1]: Sec-Fetch-Mode: navigate
2026-07-04 00:52:32,732 - INFO - [GET / HTTP/1.1]: Sec-Fetch-User: ?1
2026-07-04 00:52:32,733 - INFO - [GET / HTTP/1.1]: Sec-Fetch-Dest: document
2026-07-04 00:52:32,733 - INFO - [GET / HTTP/1.1]: Accept-Encoding: gzip, deflate, br, zstd
2026-07-04 00:52:32,733 - INFO - [GET / HTTP/1.1]: Accept-Language: ru,en;q=0.9
2026-07-04 00:52:32,733 - ERROR - Unhandled exception in client_connected_cb
transport: <_ProactorSocketTransport closed>
Traceback (most recent call last):
  File "Q:\13. Synergy\Python PRO\Продвинутый Python\Итоговый_проект_2\server.py", line 85, in handle_client
    await writer.wait_closed()
  File "C:\Users\Mangust\AppData\Local\Python\pythoncore-3.14-64\Lib\asyncio\streams.py", line 358, in wait_closed
    await self._protocol._get_close_waiter(self)
  File "C:\Users\Mangust\AppData\Local\Python\pythoncore-3.14-64\Lib\asyncio\proactor_events.py", line 402, in _loop_writing
    self._write_fut = self._loop._proactor.send(self._sock, data)
                      ~~~~~~~~~~~~~~~~~~~~~~~~~^^^^^^^^^^^^^^^^^^
  File "C:\Users\Mangust\AppData\Local\Python\pythoncore-3.14-64\Lib\asyncio\windows_events.py", line 543, in send
    ov.WSASend(conn.fileno(), buf, flags)
    ~~~~~~~~~~^^^^^^^^^^^^^^^^^^^^^^^^^^^
ConnectionAbortedError: [WinError 10053] Программа на вашем хост-компьютере разорвала установленное подключение
2026-07-04 00:52:35,124 - INFO - User 'GET / HTTP/1.1' connected from ('127.0.0.1', 59720)
2026-07-04 00:52:35,124 - INFO - [GET / HTTP/1.1]: Host: 127.0.0.1:8888
2026-07-04 00:52:35,124 - INFO - [GET / HTTP/1.1]: Connection: keep-alive
2026-07-04 00:52:35,124 - INFO - [GET / HTTP/1.1]: Cache-Control: max-age=0
2026-07-04 00:52:35,124 - INFO - [GET / HTTP/1.1]: sec-ch-ua: "Chromium";v="146", "Not-A.Brand";v="24", "YaBrowser";v="26.4", "Yowser";v="2.5"
2026-07-04 00:52:35,124 - INFO - [GET / HTTP/1.1]: sec-ch-ua-mobile: ?0
2026-07-04 00:52:35,124 - INFO - [GET / HTTP/1.1]: sec-ch-ua-platform: "Windows"
2026-07-04 00:52:35,124 - INFO - [GET / HTTP/1.1]: Upgrade-Insecure-Requests: 1
2026-07-04 00:52:35,124 - INFO - [GET / HTTP/1.1]: User-Agent: Mozilla/5.0 (Windows NT 10.0; Win64; x64) AppleWebKit/537.36 (KHTML, like Gecko) Chrome/146.0.0.0 YaBrowser/26.4.0.0 Safari/537.36
2026-07-04 00:52:35,125 - INFO - [GET / HTTP/1.1]: Accept: text/html,application/xhtml+xml,application/xml;q=0.9,image/avif,image/webp,image/apng,*/*;q=0.8,application/signed-exchange;v=b3;q=0.7
2026-07-04 00:52:35,125 - INFO - [GET / HTTP/1.1]: Sec-Fetch-Site: cross-site
2026-07-04 00:52:35,125 - INFO - [GET / HTTP/1.1]: Sec-Fetch-Mode: navigate
2026-07-04 00:52:35,125 - INFO - [GET / HTTP/1.1]: Sec-Fetch-User: ?1
2026-07-04 00:52:35,125 - INFO - [GET / HTTP/1.1]: Sec-Fetch-Dest: document
2026-07-04 00:52:35,125 - INFO - [GET / HTTP/1.1]: Accept-Encoding: gzip, deflate, br, zstd
2026-07-04 00:52:35,125 - INFO - [GET / HTTP/1.1]: Accept-Language: ru,en;q=0.9
2026-07-04 00:52:35,125 - ERROR - Unhandled exception in client_connected_cb
transport: <_ProactorSocketTransport closed>
Traceback (most recent call last):
  File "Q:\13. Synergy\Python PRO\Продвинутый Python\Итоговый_проект_2\server.py", line 85, in handle_client
    await writer.wait_closed()
  File "C:\Users\Mangust\AppData\Local\Python\pythoncore-3.14-64\Lib\asyncio\streams.py", line 358, in wait_closed
    await self._protocol._get_close_waiter(self)
  File "C:\Users\Mangust\AppData\Local\Python\pythoncore-3.14-64\Lib\asyncio\proactor_events.py", line 402, in _loop_writing
    self._write_fut = self._loop._proactor.send(self._sock, data)
                      ~~~~~~~~~~~~~~~~~~~~~~~~~^^^^^^^^^^^^^^^^^^
  File "C:\Users\Mangust\AppData\Local\Python\pythoncore-3.14-64\Lib\asyncio\windows_events.py", line 543, in send
    ov.WSASend(conn.fileno(), buf, flags)
    ~~~~~~~~~~^^^^^^^^^^^^^^^^^^^^^^^^^^^
ConnectionAbortedError: [WinError 10053] Программа на вашем хост-компьютере разорвала установленное подключение
2026-07-04 00:52:40,144 - INFO - User 'GET / HTTP/1.1' connected from ('127.0.0.1', 63750)
2026-07-04 00:52:40,144 - INFO - [GET / HTTP/1.1]: Host: 127.0.0.1:8888
2026-07-04 00:52:40,145 - INFO - [GET / HTTP/1.1]: Connection: keep-alive
2026-07-04 00:52:40,145 - INFO - [GET / HTTP/1.1]: Cache-Control: max-age=0
2026-07-04 00:52:40,145 - INFO - [GET / HTTP/1.1]: sec-ch-ua: "Chromium";v="146", "Not-A.Brand";v="24", "YaBrowser";v="26.4", "Yowser";v="2.5"
2026-07-04 00:52:40,145 - INFO - [GET / HTTP/1.1]: sec-ch-ua-mobile: ?0
2026-07-04 00:52:40,146 - INFO - [GET / HTTP/1.1]: sec-ch-ua-platform: "Windows"
2026-07-04 00:52:40,146 - INFO - [GET / HTTP/1.1]: Upgrade-Insecure-Requests: 1
2026-07-04 00:52:40,146 - INFO - [GET / HTTP/1.1]: User-Agent: Mozilla/5.0 (Windows NT 10.0; Win64; x64) AppleWebKit/537.36 (KHTML, like Gecko) Chrome/146.0.0.0 YaBrowser/26.4.0.0 Safari/537.36
2026-07-04 00:52:40,146 - INFO - [GET / HTTP/1.1]: Accept: text/html,application/xhtml+xml,application/xml;q=0.9,image/avif,image/webp,image/apng,*/*;q=0.8,application/signed-exchange;v=b3;q=0.7
2026-07-04 00:52:40,146 - INFO - [GET / HTTP/1.1]: Sec-Fetch-Site: cross-site
2026-07-04 00:52:40,146 - INFO - [GET / HTTP/1.1]: Sec-Fetch-Mode: navigate
2026-07-04 00:52:40,146 - INFO - [GET / HTTP/1.1]: Sec-Fetch-Dest: document
2026-07-04 00:52:40,146 - INFO - [GET / HTTP/1.1]: Accept-Encoding: gzip, deflate, br, zstd
2026-07-04 00:52:40,146 - INFO - [GET / HTTP/1.1]: Accept-Language: ru,en;q=0.9
2026-07-04 00:52:40,147 - ERROR - Unhandled exception in client_connected_cb
transport: <_ProactorSocketTransport closed>
Traceback (most recent call last):
  File "Q:\13. Synergy\Python PRO\Продвинутый Python\Итоговый_проект_2\server.py", line 85, in handle_client
    await writer.wait_closed()
  File "C:\Users\Mangust\AppData\Local\Python\pythoncore-3.14-64\Lib\asyncio\streams.py", line 358, in wait_closed
    await self._protocol._get_close_waiter(self)
  File "C:\Users\Mangust\AppData\Local\Python\pythoncore-3.14-64\Lib\asyncio\proactor_events.py", line 402, in _loop_writing
    self._write_fut = self._loop._proactor.send(self._sock, data)
                      ~~~~~~~~~~~~~~~~~~~~~~~~~^^^^^^^^^^^^^^^^^^
  File "C:\Users\Mangust\AppData\Local\Python\pythoncore-3.14-64\Lib\asyncio\windows_events.py", line 543, in send
    ov.WSASend(conn.fileno(), buf, flags)
    ~~~~~~~~~~^^^^^^^^^^^^^^^^^^^^^^^^^^^
ConnectionAbortedError: [WinError 10053] Программа на вашем хост-компьютере разорвала установленное подключение
2026-07-04 00:53:07,002 - ERROR - Unhandled exception in client_connected_cb
transport: <_ProactorSocketTransport closed>
Traceback (most recent call last):
  File "C:\Users\Mangust\AppData\Local\Python\pythoncore-3.14-64\Lib\asyncio\windows_events.py", line 463, in finish_socket_func
    return ov.getresult()
           ~~~~~~~~~~~~^^
OSError: [WinError 64] Указанное сетевое имя более недоступно

During handling of the above exception, another exception occurred:

Traceback (most recent call last):
  File "Q:\13. Synergy\Python PRO\Продвинутый Python\Итоговый_проект_2\server.py", line 30, in handle_client
    username_data = await reader.readline()
                    ^^^^^^^^^^^^^^^^^^^^^^^
  File "C:\Users\Mangust\AppData\Local\Python\pythoncore-3.14-64\Lib\asyncio\streams.py", line 562, in readline
    line = await self.readuntil(sep)
           ^^^^^^^^^^^^^^^^^^^^^^^^^
  File "C:\Users\Mangust\AppData\Local\Python\pythoncore-3.14-64\Lib\asyncio\streams.py", line 677, in readuntil
    await self._wait_for_data('readuntil')
  File "C:\Users\Mangust\AppData\Local\Python\pythoncore-3.14-64\Lib\asyncio\streams.py", line 539, in _wait_for_data
    await self._waiter
  File "C:\Users\Mangust\AppData\Local\Python\pythoncore-3.14-64\Lib\asyncio\proactor_events.py", line 286, in _loop_reading
    length = fut.result()
  File "C:\Users\Mangust\AppData\Local\Python\pythoncore-3.14-64\Lib\asyncio\windows_events.py", line 804, in _poll
    value = callback(transferred, key, ov)
  File "C:\Users\Mangust\AppData\Local\Python\pythoncore-3.14-64\Lib\asyncio\windows_events.py", line 467, in finish_socket_func
    raise ConnectionResetError(*exc.args)
ConnectionResetError: [WinError 64] Указанное сетевое имя более недоступно
2026-07-04 00:53:50,426 - ERROR - Exception in callback _ProactorBasePipeTransport._call_connection_lost()
handle: <Handle _ProactorBasePipeTransport._call_connection_lost()>
Traceback (most recent call last):
  File "C:\Users\Mangust\AppData\Local\Python\pythoncore-3.14-64\Lib\asyncio\events.py", line 94, in _run
    self._context.run(self._callback, *self._args)
    ~~~~~~~~~~~~~~~~~^^^^^^^^^^^^^^^^^^^^^^^^^^^^^
  File "C:\Users\Mangust\AppData\Local\Python\pythoncore-3.14-64\Lib\asyncio\proactor_events.py", line 165, in _call_connection_lost
    self._sock.shutdown(socket.SHUT_RDWR)
    ~~~~~~~~~~~~~~~~~~~^^^^^^^^^^^^^^^^^^
ConnectionResetError: [WinError 10054] Удаленный хост принудительно разорвал существующее подключение
2026-07-04 00:53:52,870 - INFO - Server shutting down.
2026-07-04 00:53:52,873 - ERROR - Task was destroyed but it is pending!
task: <Task cancelling name='Task-1' coro=<ChatServer.start() done, defined at Q:\13. Synergy\Python PRO\Продвинутый Python\Итоговый_проект_2\server.py:133> wait_for=<Future pending cb=[Task.task_wakeup()]> cb=[gather.<locals>._done_callback() at C:\Users\Mangust\AppData\Local\Python\pythoncore-3.14-64\Lib\asyncio\tasks.py:810]>
2026-07-04 00:53:56,526 - INFO - Chat server started on ('127.0.0.1', 8888)
2026-07-04 00:54:48,787 - INFO - Server shutting down.
2026-07-04 00:55:14,778 - INFO - Chat server started on ('127.0.0.1', 8888)
2026-07-04 00:55:45,181 - INFO - User 'GET / HTTP/1.1' connected from ('127.0.0.1', 55443)
2026-07-04 00:55:45,181 - INFO - [GET / HTTP/1.1]: Host: 127.0.0.1:8888
2026-07-04 00:55:45,181 - INFO - [GET / HTTP/1.1]: Connection: keep-alive
2026-07-04 00:55:45,181 - INFO - [GET / HTTP/1.1]: Cache-Control: max-age=0
2026-07-04 00:55:45,181 - INFO - [GET / HTTP/1.1]: sec-ch-ua: "Chromium";v="146", "Not-A.Brand";v="24", "YaBrowser";v="26.4", "Yowser";v="2.5"
2026-07-04 00:55:45,181 - INFO - [GET / HTTP/1.1]: sec-ch-ua-mobile: ?0
2026-07-04 00:55:45,181 - INFO - [GET / HTTP/1.1]: sec-ch-ua-platform: "Windows"
2026-07-04 00:55:45,181 - INFO - [GET / HTTP/1.1]: Upgrade-Insecure-Requests: 1
2026-07-04 00:55:45,181 - INFO - [GET / HTTP/1.1]: User-Agent: Mozilla/5.0 (Windows NT 10.0; Win64; x64) AppleWebKit/537.36 (KHTML, like Gecko) Chrome/146.0.0.0 YaBrowser/26.4.0.0 Safari/537.36
2026-07-04 00:55:45,181 - INFO - [GET / HTTP/1.1]: Accept: text/html,application/xhtml+xml,application/xml;q=0.9,image/avif,image/webp,image/apng,*/*;q=0.8,application/signed-exchange;v=b3;q=0.7
2026-07-04 00:55:45,181 - INFO - [GET / HTTP/1.1]: Sec-Fetch-Site: none
2026-07-04 00:55:45,181 - INFO - [GET / HTTP/1.1]: Sec-Fetch-Mode: navigate
2026-07-04 00:55:45,181 - INFO - [GET / HTTP/1.1]: Sec-Fetch-User: ?1
2026-07-04 00:55:45,182 - INFO - [GET / HTTP/1.1]: Sec-Fetch-Dest: document
2026-07-04 00:55:45,182 - INFO - [GET / HTTP/1.1]: Accept-Encoding: gzip, deflate, br, zstd
2026-07-04 00:55:45,182 - INFO - [GET / HTTP/1.1]: Accept-Language: ru,en;q=0.9
2026-07-04 00:55:45,182 - ERROR - Unhandled exception in client_connected_cb
transport: <_ProactorSocketTransport closed>
Traceback (most recent call last):
  File "Q:\13. Synergy\Python PRO\Продвинутый Python\Итоговый_проект_2\server.py", line 85, in handle_client
    await writer.wait_closed()
  File "C:\Users\Mangust\AppData\Local\Python\pythoncore-3.14-64\Lib\asyncio\streams.py", line 358, in wait_closed
    await self._protocol._get_close_waiter(self)
  File "C:\Users\Mangust\AppData\Local\Python\pythoncore-3.14-64\Lib\asyncio\proactor_events.py", line 402, in _loop_writing
    self._write_fut = self._loop._proactor.send(self._sock, data)
                      ~~~~~~~~~~~~~~~~~~~~~~~~~^^^^^^^^^^^^^^^^^^
  File "C:\Users\Mangust\AppData\Local\Python\pythoncore-3.14-64\Lib\asyncio\windows_events.py", line 543, in send
    ov.WSASend(conn.fileno(), buf, flags)
    ~~~~~~~~~~^^^^^^^^^^^^^^^^^^^^^^^^^^^
ConnectionAbortedError: [WinError 10053] Программа на вашем хост-компьютере разорвала установленное подключение
2026-07-04 00:56:15,203 - INFO - User 'GET / HTTP/1.1' connected from ('127.0.0.1', 56887)
2026-07-04 00:56:15,203 - INFO - [GET / HTTP/1.1]: Host: 127.0.0.1:8888
2026-07-04 00:56:15,204 - INFO - [GET / HTTP/1.1]: Connection: keep-alive
2026-07-04 00:56:15,204 - INFO - [GET / HTTP/1.1]: Cache-Control: max-age=0
2026-07-04 00:56:15,205 - INFO - [GET / HTTP/1.1]: sec-ch-ua: "Chromium";v="146", "Not-A.Brand";v="24", "YaBrowser";v="26.4", "Yowser";v="2.5"
2026-07-04 00:56:15,205 - INFO - [GET / HTTP/1.1]: sec-ch-ua-mobile: ?0
2026-07-04 00:56:15,205 - INFO - [GET / HTTP/1.1]: sec-ch-ua-platform: "Windows"
2026-07-04 00:56:15,205 - INFO - [GET / HTTP/1.1]: Upgrade-Insecure-Requests: 1
2026-07-04 00:56:15,205 - INFO - [GET / HTTP/1.1]: User-Agent: Mozilla/5.0 (Windows NT 10.0; Win64; x64) AppleWebKit/537.36 (KHTML, like Gecko) Chrome/146.0.0.0 YaBrowser/26.4.0.0 Safari/537.36
2026-07-04 00:56:15,205 - INFO - [GET / HTTP/1.1]: Accept: text/html,application/xhtml+xml,application/xml;q=0.9,image/avif,image/webp,image/apng,*/*;q=0.8,application/signed-exchange;v=b3;q=0.7
2026-07-04 00:56:15,206 - INFO - [GET / HTTP/1.1]: Sec-Fetch-Site: none
2026-07-04 00:56:15,206 - INFO - [GET / HTTP/1.1]: Sec-Fetch-Mode: navigate
2026-07-04 00:56:15,206 - INFO - [GET / HTTP/1.1]: Sec-Fetch-User: ?1
2026-07-04 00:56:15,206 - INFO - [GET / HTTP/1.1]: Sec-Fetch-Dest: document
2026-07-04 00:56:15,206 - INFO - [GET / HTTP/1.1]: Accept-Encoding: gzip, deflate, br, zstd
2026-07-04 00:56:15,206 - INFO - [GET / HTTP/1.1]: Accept-Language: ru,en;q=0.9
2026-07-04 00:56:15,206 - ERROR - Unhandled exception in client_connected_cb
transport: <_ProactorSocketTransport closed>
Traceback (most recent call last):
  File "Q:\13. Synergy\Python PRO\Продвинутый Python\Итоговый_проект_2\server.py", line 85, in handle_client
    await writer.wait_closed()
  File "C:\Users\Mangust\AppData\Local\Python\pythoncore-3.14-64\Lib\asyncio\streams.py", line 358, in wait_closed
    await self._protocol._get_close_waiter(self)
  File "C:\Users\Mangust\AppData\Local\Python\pythoncore-3.14-64\Lib\asyncio\proactor_events.py", line 402, in _loop_writing
    self._write_fut = self._loop._proactor.send(self._sock, data)
                      ~~~~~~~~~~~~~~~~~~~~~~~~~^^^^^^^^^^^^^^^^^^
  File "C:\Users\Mangust\AppData\Local\Python\pythoncore-3.14-64\Lib\asyncio\windows_events.py", line 543, in send
    ov.WSASend(conn.fileno(), buf, flags)
    ~~~~~~~~~~^^^^^^^^^^^^^^^^^^^^^^^^^^^
ConnectionAbortedError: [WinError 10053] Программа на вашем хост-компьютере разорвала установленное подключение
2026-07-04 00:57:15,214 - ERROR - Exception in callback _ProactorBasePipeTransport._call_connection_lost()
handle: <Handle _ProactorBasePipeTransport._call_connection_lost()>
Traceback (most recent call last):
  File "C:\Users\Mangust\AppData\Local\Python\pythoncore-3.14-64\Lib\asyncio\events.py", line 94, in _run
    self._context.run(self._callback, *self._args)
    ~~~~~~~~~~~~~~~~~^^^^^^^^^^^^^^^^^^^^^^^^^^^^^
  File "C:\Users\Mangust\AppData\Local\Python\pythoncore-3.14-64\Lib\asyncio\proactor_events.py", line 165, in _call_connection_lost
    self._sock.shutdown(socket.SHUT_RDWR)
    ~~~~~~~~~~~~~~~~~~~^^^^^^^^^^^^^^^^^^
ConnectionResetError: [WinError 10054] Удаленный хост принудительно разорвал существующее подключение
2026-07-04 00:57:40,262 - INFO - Server shutting down.
2026-07-04 00:57:40,264 - ERROR - Task was destroyed but it is pending!
task: <Task cancelling name='Task-1' coro=<ChatServer.start() done, defined at Q:\13. Synergy\Python PRO\Продвинутый Python\Итоговый_проект_2\server.py:133> wait_for=<Future pending cb=[Task.task_wakeup()]> cb=[gather.<locals>._done_callback() at C:\Users\Mangust\AppData\Local\Python\pythoncore-3.14-64\Lib\asyncio\tasks.py:810]>
2026-07-04 00:58:23,934 - INFO - Chat server started on ('127.0.0.1', 8888)
2026-07-04 00:58:47,885 - INFO - User 'GET / HTTP/1.1' connected from ('127.0.0.1', 56013)
2026-07-04 00:58:47,885 - INFO - [GET / HTTP/1.1]: Host: 127.0.0.1:8888
2026-07-04 00:58:47,886 - INFO - [GET / HTTP/1.1]: Connection: keep-alive
2026-07-04 00:58:47,886 - INFO - [GET / HTTP/1.1]: Cache-Control: max-age=0
2026-07-04 00:58:47,886 - INFO - [GET / HTTP/1.1]: sec-ch-ua: "Chromium";v="146", "Not-A.Brand";v="24", "YaBrowser";v="26.4", "Yowser";v="2.5"
2026-07-04 00:58:47,886 - INFO - [GET / HTTP/1.1]: sec-ch-ua-mobile: ?0
2026-07-04 00:58:47,886 - INFO - [GET / HTTP/1.1]: sec-ch-ua-platform: "Windows"
2026-07-04 00:58:47,886 - INFO - [GET / HTTP/1.1]: Upgrade-Insecure-Requests: 1
2026-07-04 00:58:47,886 - INFO - [GET / HTTP/1.1]: User-Agent: Mozilla/5.0 (Windows NT 10.0; Win64; x64) AppleWebKit/537.36 (KHTML, like Gecko) Chrome/146.0.0.0 YaBrowser/26.4.0.0 Safari/537.36
2026-07-04 00:58:47,886 - INFO - [GET / HTTP/1.1]: Accept: text/html,application/xhtml+xml,application/xml;q=0.9,image/avif,image/webp,image/apng,*/*;q=0.8,application/signed-exchange;v=b3;q=0.7
2026-07-04 00:58:47,886 - INFO - [GET / HTTP/1.1]: Sec-Fetch-Site: none
2026-07-04 00:58:47,886 - INFO - [GET / HTTP/1.1]: Sec-Fetch-Mode: navigate
2026-07-04 00:58:47,887 - INFO - [GET / HTTP/1.1]: Sec-Fetch-User: ?1
2026-07-04 00:58:47,887 - INFO - [GET / HTTP/1.1]: Sec-Fetch-Dest: document
2026-07-04 00:58:47,887 - INFO - [GET / HTTP/1.1]: Accept-Encoding: gzip, deflate, br, zstd
2026-07-04 00:58:47,887 - INFO - [GET / HTTP/1.1]: Accept-Language: ru,en;q=0.9
2026-07-04 00:58:47,887 - ERROR - Unhandled exception in client_connected_cb
transport: <_ProactorSocketTransport closed>
Traceback (most recent call last):
  File "Q:\13. Synergy\Python PRO\Продвинутый Python\Итоговый_проект_2\server.py", line 85, in handle_client
    await writer.wait_closed()
  File "C:\Users\Mangust\AppData\Local\Python\pythoncore-3.14-64\Lib\asyncio\streams.py", line 358, in wait_closed
    await self._protocol._get_close_waiter(self)
  File "C:\Users\Mangust\AppData\Local\Python\pythoncore-3.14-64\Lib\asyncio\proactor_events.py", line 402, in _loop_writing
    self._write_fut = self._loop._proactor.send(self._sock, data)
                      ~~~~~~~~~~~~~~~~~~~~~~~~~^^^^^^^^^^^^^^^^^^
  File "C:\Users\Mangust\AppData\Local\Python\pythoncore-3.14-64\Lib\asyncio\windows_events.py", line 543, in send
    ov.WSASend(conn.fileno(), buf, flags)
    ~~~~~~~~~~^^^^^^^^^^^^^^^^^^^^^^^^^^^
ConnectionAbortedError: [WinError 10053] Программа на вашем хост-компьютере разорвала установленное подключение
2026-07-04 00:58:48,907 - INFO - User 'GET / HTTP/1.1' connected from ('127.0.0.1', 50510)
2026-07-04 00:58:48,907 - INFO - [GET / HTTP/1.1]: Host: 127.0.0.1:8888
2026-07-04 00:58:48,907 - INFO - [GET / HTTP/1.1]: Connection: keep-alive
2026-07-04 00:58:48,907 - INFO - [GET / HTTP/1.1]: Cache-Control: max-age=0
2026-07-04 00:58:48,907 - INFO - [GET / HTTP/1.1]: sec-ch-ua: "Chromium";v="146", "Not-A.Brand";v="24", "YaBrowser";v="26.4", "Yowser";v="2.5"
2026-07-04 00:58:48,907 - INFO - [GET / HTTP/1.1]: sec-ch-ua-mobile: ?0
2026-07-04 00:58:48,908 - INFO - [GET / HTTP/1.1]: sec-ch-ua-platform: "Windows"
2026-07-04 00:58:48,908 - INFO - [GET / HTTP/1.1]: Upgrade-Insecure-Requests: 1
2026-07-04 00:58:48,908 - INFO - [GET / HTTP/1.1]: User-Agent: Mozilla/5.0 (Windows NT 10.0; Win64; x64) AppleWebKit/537.36 (KHTML, like Gecko) Chrome/146.0.0.0 YaBrowser/26.4.0.0 Safari/537.36
2026-07-04 00:58:48,908 - INFO - [GET / HTTP/1.1]: Accept: text/html,application/xhtml+xml,application/xml;q=0.9,image/avif,image/webp,image/apng,*/*;q=0.8,application/signed-exchange;v=b3;q=0.7
2026-07-04 00:58:48,908 - INFO - [GET / HTTP/1.1]: Sec-Fetch-Site: none
2026-07-04 00:58:48,908 - INFO - [GET / HTTP/1.1]: Sec-Fetch-Mode: navigate
2026-07-04 00:58:48,908 - INFO - [GET / HTTP/1.1]: Sec-Fetch-User: ?1
2026-07-04 00:58:48,908 - INFO - [GET / HTTP/1.1]: Sec-Fetch-Dest: document
2026-07-04 00:58:48,908 - INFO - [GET / HTTP/1.1]: Accept-Encoding: gzip, deflate, br, zstd
2026-07-04 00:58:48,908 - INFO - [GET / HTTP/1.1]: Accept-Language: ru,en;q=0.9
2026-07-04 00:58:48,909 - ERROR - Unhandled exception in client_connected_cb
transport: <_ProactorSocketTransport closed>
Traceback (most recent call last):
  File "Q:\13. Synergy\Python PRO\Продвинутый Python\Итоговый_проект_2\server.py", line 85, in handle_client
    await writer.wait_closed()
  File "C:\Users\Mangust\AppData\Local\Python\pythoncore-3.14-64\Lib\asyncio\streams.py", line 358, in wait_closed
    await self._protocol._get_close_waiter(self)
  File "C:\Users\Mangust\AppData\Local\Python\pythoncore-3.14-64\Lib\asyncio\proactor_events.py", line 402, in _loop_writing
    self._write_fut = self._loop._proactor.send(self._sock, data)
                      ~~~~~~~~~~~~~~~~~~~~~~~~~^^^^^^^^^^^^^^^^^^
  File "C:\Users\Mangust\AppData\Local\Python\pythoncore-3.14-64\Lib\asyncio\windows_events.py", line 543, in send
    ov.WSASend(conn.fileno(), buf, flags)
    ~~~~~~~~~~^^^^^^^^^^^^^^^^^^^^^^^^^^^
ConnectionAbortedError: [WinError 10053] Программа на вашем хост-компьютере разорвала установленное подключение
2026-07-04 00:58:49,062 - INFO - User 'GET / HTTP/1.1' connected from ('127.0.0.1', 58468)
2026-07-04 00:58:49,062 - INFO - [GET / HTTP/1.1]: Host: 127.0.0.1:8888
2026-07-04 00:58:49,062 - INFO - [GET / HTTP/1.1]: Connection: keep-alive
2026-07-04 00:58:49,062 - INFO - [GET / HTTP/1.1]: Cache-Control: max-age=0
2026-07-04 00:58:49,062 - INFO - [GET / HTTP/1.1]: sec-ch-ua: "Chromium";v="146", "Not-A.Brand";v="24", "YaBrowser";v="26.4", "Yowser";v="2.5"
2026-07-04 00:58:49,062 - INFO - [GET / HTTP/1.1]: sec-ch-ua-mobile: ?0
2026-07-04 00:58:49,063 - INFO - [GET / HTTP/1.1]: sec-ch-ua-platform: "Windows"
2026-07-04 00:58:49,063 - INFO - [GET / HTTP/1.1]: Upgrade-Insecure-Requests: 1
2026-07-04 00:58:49,063 - INFO - [GET / HTTP/1.1]: User-Agent: Mozilla/5.0 (Windows NT 10.0; Win64; x64) AppleWebKit/537.36 (KHTML, like Gecko) Chrome/146.0.0.0 YaBrowser/26.4.0.0 Safari/537.36
2026-07-04 00:58:49,063 - INFO - [GET / HTTP/1.1]: Accept: text/html,application/xhtml+xml,application/xml;q=0.9,image/avif,image/webp,image/apng,*/*;q=0.8,application/signed-exchange;v=b3;q=0.7
2026-07-04 00:58:49,063 - INFO - [GET / HTTP/1.1]: Sec-Fetch-Site: cross-site
2026-07-04 00:58:49,063 - INFO - [GET / HTTP/1.1]: Sec-Fetch-Mode: navigate
2026-07-04 00:58:49,063 - INFO - [GET / HTTP/1.1]: Sec-Fetch-User: ?1
2026-07-04 00:58:49,063 - INFO - [GET / HTTP/1.1]: Sec-Fetch-Dest: document
2026-07-04 00:58:49,063 - INFO - [GET / HTTP/1.1]: Accept-Encoding: gzip, deflate, br, zstd
2026-07-04 00:58:49,063 - INFO - [GET / HTTP/1.1]: Accept-Language: ru,en;q=0.9
2026-07-04 00:58:49,063 - ERROR - Unhandled exception in client_connected_cb
transport: <_ProactorSocketTransport closed>
Traceback (most recent call last):
  File "Q:\13. Synergy\Python PRO\Продвинутый Python\Итоговый_проект_2\server.py", line 85, in handle_client
    await writer.wait_closed()
  File "C:\Users\Mangust\AppData\Local\Python\pythoncore-3.14-64\Lib\asyncio\streams.py", line 358, in wait_closed
    await self._protocol._get_close_waiter(self)
  File "C:\Users\Mangust\AppData\Local\Python\pythoncore-3.14-64\Lib\asyncio\proactor_events.py", line 402, in _loop_writing
    self._write_fut = self._loop._proactor.send(self._sock, data)
                      ~~~~~~~~~~~~~~~~~~~~~~~~~^^^^^^^^^^^^^^^^^^
  File "C:\Users\Mangust\AppData\Local\Python\pythoncore-3.14-64\Lib\asyncio\windows_events.py", line 543, in send
    ov.WSASend(conn.fileno(), buf, flags)
    ~~~~~~~~~~^^^^^^^^^^^^^^^^^^^^^^^^^^^
ConnectionAbortedError: [WinError 10053] Программа на вашем хост-компьютере разорвала установленное подключение
2026-07-04 00:58:52,697 - INFO - User 'GET / HTTP/1.1' connected from ('127.0.0.1', 54439)
2026-07-04 00:58:52,697 - INFO - [GET / HTTP/1.1]: Host: 127.0.0.1:8888
2026-07-04 00:58:52,697 - INFO - [GET / HTTP/1.1]: Connection: keep-alive
2026-07-04 00:58:52,697 - INFO - [GET / HTTP/1.1]: Cache-Control: max-age=0
2026-07-04 00:58:52,697 - INFO - [GET / HTTP/1.1]: sec-ch-ua: "Chromium";v="146", "Not-A.Brand";v="24", "YaBrowser";v="26.4", "Yowser";v="2.5"
2026-07-04 00:58:52,697 - INFO - [GET / HTTP/1.1]: sec-ch-ua-mobile: ?0
2026-07-04 00:58:52,697 - INFO - [GET / HTTP/1.1]: sec-ch-ua-platform: "Windows"
2026-07-04 00:58:52,697 - INFO - [GET / HTTP/1.1]: Upgrade-Insecure-Requests: 1
2026-07-04 00:58:52,697 - INFO - [GET / HTTP/1.1]: User-Agent: Mozilla/5.0 (Windows NT 10.0; Win64; x64) AppleWebKit/537.36 (KHTML, like Gecko) Chrome/146.0.0.0 YaBrowser/26.4.0.0 Safari/537.36
2026-07-04 00:58:52,697 - INFO - [GET / HTTP/1.1]: Accept: text/html,application/xhtml+xml,application/xml;q=0.9,image/avif,image/webp,image/apng,*/*;q=0.8,application/signed-exchange;v=b3;q=0.7
2026-07-04 00:58:52,697 - INFO - [GET / HTTP/1.1]: Sec-Fetch-Site: none
2026-07-04 00:58:52,697 - INFO - [GET / HTTP/1.1]: Sec-Fetch-Mode: navigate
2026-07-04 00:58:52,697 - INFO - [GET / HTTP/1.1]: Sec-Fetch-User: ?1
2026-07-04 00:58:52,698 - INFO - [GET / HTTP/1.1]: Sec-Fetch-Dest: document
2026-07-04 00:58:52,698 - INFO - [GET / HTTP/1.1]: Accept-Encoding: gzip, deflate, br, zstd
2026-07-04 00:58:52,698 - INFO - [GET / HTTP/1.1]: Accept-Language: ru,en;q=0.9
2026-07-04 00:58:52,698 - ERROR - Unhandled exception in client_connected_cb
transport: <_ProactorSocketTransport closed>
Traceback (most recent call last):
  File "Q:\13. Synergy\Python PRO\Продвинутый Python\Итоговый_проект_2\server.py", line 85, in handle_client
    await writer.wait_closed()
  File "C:\Users\Mangust\AppData\Local\Python\pythoncore-3.14-64\Lib\asyncio\streams.py", line 358, in wait_closed
    await self._protocol._get_close_waiter(self)
  File "C:\Users\Mangust\AppData\Local\Python\pythoncore-3.14-64\Lib\asyncio\proactor_events.py", line 402, in _loop_writing
    self._write_fut = self._loop._proactor.send(self._sock, data)
                      ~~~~~~~~~~~~~~~~~~~~~~~~~^^^^^^^^^^^^^^^^^^
  File "C:\Users\Mangust\AppData\Local\Python\pythoncore-3.14-64\Lib\asyncio\windows_events.py", line 543, in send
    ov.WSASend(conn.fileno(), buf, flags)
    ~~~~~~~~~~^^^^^^^^^^^^^^^^^^^^^^^^^^^
ConnectionAbortedError: [WinError 10053] Программа на вашем хост-компьютере разорвала установленное подключение
2026-07-04 00:58:57,716 - INFO - User 'GET / HTTP/1.1' connected from ('127.0.0.1', 62264)
2026-07-04 00:58:57,717 - INFO - [GET / HTTP/1.1]: Host: 127.0.0.1:8888
2026-07-04 00:58:57,717 - INFO - [GET / HTTP/1.1]: Connection: keep-alive
2026-07-04 00:58:57,717 - INFO - [GET / HTTP/1.1]: Cache-Control: max-age=0
2026-07-04 00:58:57,717 - INFO - [GET / HTTP/1.1]: sec-ch-ua: "Chromium";v="146", "Not-A.Brand";v="24", "YaBrowser";v="26.4", "Yowser";v="2.5"
2026-07-04 00:58:57,717 - INFO - [GET / HTTP/1.1]: sec-ch-ua-mobile: ?0
2026-07-04 00:58:57,718 - INFO - [GET / HTTP/1.1]: sec-ch-ua-platform: "Windows"
2026-07-04 00:58:57,718 - INFO - [GET / HTTP/1.1]: Upgrade-Insecure-Requests: 1
2026-07-04 00:58:57,718 - INFO - [GET / HTTP/1.1]: User-Agent: Mozilla/5.0 (Windows NT 10.0; Win64; x64) AppleWebKit/537.36 (KHTML, like Gecko) Chrome/146.0.0.0 YaBrowser/26.4.0.0 Safari/537.36
2026-07-04 00:58:57,718 - INFO - [GET / HTTP/1.1]: Accept: text/html,application/xhtml+xml,application/xml;q=0.9,image/avif,image/webp,image/apng,*/*;q=0.8,application/signed-exchange;v=b3;q=0.7
2026-07-04 00:58:57,718 - INFO - [GET / HTTP/1.1]: Sec-Fetch-Site: none
2026-07-04 00:58:57,718 - INFO - [GET / HTTP/1.1]: Sec-Fetch-Mode: navigate
2026-07-04 00:58:57,718 - INFO - [GET / HTTP/1.1]: Sec-Fetch-User: ?1
2026-07-04 00:58:57,718 - INFO - [GET / HTTP/1.1]: Sec-Fetch-Dest: document
2026-07-04 00:58:57,718 - INFO - [GET / HTTP/1.1]: Accept-Encoding: gzip, deflate, br, zstd
2026-07-04 00:58:57,718 - INFO - [GET / HTTP/1.1]: Accept-Language: ru,en;q=0.9
2026-07-04 00:58:57,719 - ERROR - Unhandled exception in client_connected_cb
transport: <_ProactorSocketTransport closed>
Traceback (most recent call last):
  File "Q:\13. Synergy\Python PRO\Продвинутый Python\Итоговый_проект_2\server.py", line 85, in handle_client
    await writer.wait_closed()
  File "C:\Users\Mangust\AppData\Local\Python\pythoncore-3.14-64\Lib\asyncio\streams.py", line 358, in wait_closed
    await self._protocol._get_close_waiter(self)
  File "C:\Users\Mangust\AppData\Local\Python\pythoncore-3.14-64\Lib\asyncio\proactor_events.py", line 402, in _loop_writing
    self._write_fut = self._loop._proactor.send(self._sock, data)
                      ~~~~~~~~~~~~~~~~~~~~~~~~~^^^^^^^^^^^^^^^^^^
  File "C:\Users\Mangust\AppData\Local\Python\pythoncore-3.14-64\Lib\asyncio\windows_events.py", line 543, in send
    ov.WSASend(conn.fileno(), buf, flags)
    ~~~~~~~~~~^^^^^^^^^^^^^^^^^^^^^^^^^^^
ConnectionAbortedError: [WinError 10053] Программа на вашем хост-компьютере разорвала установленное подключение
2026-07-04 00:59:27,731 - INFO - User 'GET / HTTP/1.1' connected from ('127.0.0.1', 58904)
2026-07-04 00:59:27,731 - INFO - [GET / HTTP/1.1]: Host: 127.0.0.1:8888
2026-07-04 00:59:27,732 - INFO - [GET / HTTP/1.1]: Connection: keep-alive
2026-07-04 00:59:27,732 - INFO - [GET / HTTP/1.1]: Cache-Control: max-age=0
2026-07-04 00:59:27,732 - INFO - [GET / HTTP/1.1]: sec-ch-ua: "Chromium";v="146", "Not-A.Brand";v="24", "YaBrowser";v="26.4", "Yowser";v="2.5"
2026-07-04 00:59:27,732 - INFO - [GET / HTTP/1.1]: sec-ch-ua-mobile: ?0
2026-07-04 00:59:27,732 - INFO - [GET / HTTP/1.1]: sec-ch-ua-platform: "Windows"
2026-07-04 00:59:27,732 - INFO - [GET / HTTP/1.1]: Upgrade-Insecure-Requests: 1
2026-07-04 00:59:27,732 - INFO - [GET / HTTP/1.1]: User-Agent: Mozilla/5.0 (Windows NT 10.0; Win64; x64) AppleWebKit/537.36 (KHTML, like Gecko) Chrome/146.0.0.0 YaBrowser/26.4.0.0 Safari/537.36
2026-07-04 00:59:27,732 - INFO - [GET / HTTP/1.1]: Accept: text/html,application/xhtml+xml,application/xml;q=0.9,image/avif,image/webp,image/apng,*/*;q=0.8,application/signed-exchange;v=b3;q=0.7
2026-07-04 00:59:27,732 - INFO - [GET / HTTP/1.1]: Sec-Fetch-Site: none
2026-07-04 00:59:27,732 - INFO - [GET / HTTP/1.1]: Sec-Fetch-Mode: navigate
2026-07-04 00:59:27,732 - INFO - [GET / HTTP/1.1]: Sec-Fetch-User: ?1
2026-07-04 00:59:27,732 - INFO - [GET / HTTP/1.1]: Sec-Fetch-Dest: document
2026-07-04 00:59:27,733 - INFO - [GET / HTTP/1.1]: Accept-Encoding: gzip, deflate, br, zstd
2026-07-04 00:59:27,733 - INFO - [GET / HTTP/1.1]: Accept-Language: ru,en;q=0.9
2026-07-04 00:59:27,734 - ERROR - Unhandled exception in client_connected_cb
transport: <_ProactorSocketTransport closed>
Traceback (most recent call last):
  File "Q:\13. Synergy\Python PRO\Продвинутый Python\Итоговый_проект_2\server.py", line 85, in handle_client
    await writer.wait_closed()
  File "C:\Users\Mangust\AppData\Local\Python\pythoncore-3.14-64\Lib\asyncio\streams.py", line 358, in wait_closed
    await self._protocol._get_close_waiter(self)
  File "C:\Users\Mangust\AppData\Local\Python\pythoncore-3.14-64\Lib\asyncio\proactor_events.py", line 402, in _loop_writing
    self._write_fut = self._loop._proactor.send(self._sock, data)
                      ~~~~~~~~~~~~~~~~~~~~~~~~~^^^^^^^^^^^^^^^^^^
  File "C:\Users\Mangust\AppData\Local\Python\pythoncore-3.14-64\Lib\asyncio\windows_events.py", line 543, in send
    ov.WSASend(conn.fileno(), buf, flags)
    ~~~~~~~~~~^^^^^^^^^^^^^^^^^^^^^^^^^^^
ConnectionAbortedError: [WinError 10053] Программа на вашем хост-компьютере разорвала установленное подключение
2026-07-04 00:59:35,293 - ERROR - Exception in callback _ProactorBasePipeTransport._call_connection_lost()
handle: <Handle _ProactorBasePipeTransport._call_connection_lost()>
Traceback (most recent call last):
  File "C:\Users\Mangust\AppData\Local\Python\pythoncore-3.14-64\Lib\asyncio\events.py", line 94, in _run
    self._context.run(self._callback, *self._args)
    ~~~~~~~~~~~~~~~~~^^^^^^^^^^^^^^^^^^^^^^^^^^^^^
  File "C:\Users\Mangust\AppData\Local\Python\pythoncore-3.14-64\Lib\asyncio\proactor_events.py", line 165, in _call_connection_lost
    self._sock.shutdown(socket.SHUT_RDWR)
    ~~~~~~~~~~~~~~~~~~~^^^^^^^^^^^^^^^^^^
ConnectionResetError: [WinError 10054] Удаленный хост принудительно разорвал существующее подключение
2026-07-04 01:00:02,000 - ERROR - Unhandled exception in client_connected_cb
transport: <_ProactorSocketTransport closed>
Traceback (most recent call last):
  File "C:\Users\Mangust\AppData\Local\Python\pythoncore-3.14-64\Lib\asyncio\windows_events.py", line 463, in finish_socket_func
    return ov.getresult()
           ~~~~~~~~~~~~^^
OSError: [WinError 64] Указанное сетевое имя более недоступно

During handling of the above exception, another exception occurred:

Traceback (most recent call last):
  File "Q:\13. Synergy\Python PRO\Продвинутый Python\Итоговый_проект_2\server.py", line 30, in handle_client
    username_data = await reader.readline()
                    ^^^^^^^^^^^^^^^^^^^^^^^
  File "C:\Users\Mangust\AppData\Local\Python\pythoncore-3.14-64\Lib\asyncio\streams.py", line 562, in readline
    line = await self.readuntil(sep)
           ^^^^^^^^^^^^^^^^^^^^^^^^^
  File "C:\Users\Mangust\AppData\Local\Python\pythoncore-3.14-64\Lib\asyncio\streams.py", line 677, in readuntil
    await self._wait_for_data('readuntil')
  File "C:\Users\Mangust\AppData\Local\Python\pythoncore-3.14-64\Lib\asyncio\streams.py", line 539, in _wait_for_data
    await self._waiter
  File "C:\Users\Mangust\AppData\Local\Python\pythoncore-3.14-64\Lib\asyncio\proactor_events.py", line 286, in _loop_reading
    length = fut.result()
  File "C:\Users\Mangust\AppData\Local\Python\pythoncore-3.14-64\Lib\asyncio\windows_events.py", line 804, in _poll
    value = callback(transferred, key, ov)
  File "C:\Users\Mangust\AppData\Local\Python\pythoncore-3.14-64\Lib\asyncio\windows_events.py", line 467, in finish_socket_func
    raise ConnectionResetError(*exc.args)
ConnectionResetError: [WinError 64] Указанное сетевое имя более недоступно
2026-07-04 01:00:24,021 - INFO - Server shutting down.
2026-07-04 01:00:24,024 - ERROR - Task was destroyed but it is pending!
task: <Task cancelling name='Task-1' coro=<ChatServer.start() done, defined at Q:\13. Synergy\Python PRO\Продвинутый Python\Итоговый_проект_2\server.py:133> wait_for=<Future pending cb=[Task.task_wakeup()]> cb=[gather.<locals>._done_callback() at C:\Users\Mangust\AppData\Local\Python\pythoncore-3.14-64\Lib\asyncio\tasks.py:810]>
2026-07-04 01:00:26,410 - INFO - Chat server started on ('127.0.0.1', 8888)
2026-07-04 01:00:27,745 - INFO - User 'GET / HTTP/1.1' connected from ('127.0.0.1', 53296)
2026-07-04 01:00:27,745 - INFO - [GET / HTTP/1.1]: Host: 127.0.0.1:8888
2026-07-04 01:00:27,745 - INFO - [GET / HTTP/1.1]: Connection: keep-alive
2026-07-04 01:00:27,745 - INFO - [GET / HTTP/1.1]: Cache-Control: max-age=0
2026-07-04 01:00:27,745 - INFO - [GET / HTTP/1.1]: sec-ch-ua: "Chromium";v="146", "Not-A.Brand";v="24", "YaBrowser";v="26.4", "Yowser";v="2.5"
2026-07-04 01:00:27,746 - INFO - [GET / HTTP/1.1]: sec-ch-ua-mobile: ?0
2026-07-04 01:00:27,746 - INFO - [GET / HTTP/1.1]: sec-ch-ua-platform: "Windows"
2026-07-04 01:00:27,746 - INFO - [GET / HTTP/1.1]: Upgrade-Insecure-Requests: 1
2026-07-04 01:00:27,746 - INFO - [GET / HTTP/1.1]: User-Agent: Mozilla/5.0 (Windows NT 10.0; Win64; x64) AppleWebKit/537.36 (KHTML, like Gecko) Chrome/146.0.0.0 YaBrowser/26.4.0.0 Safari/537.36
2026-07-04 01:00:27,746 - INFO - [GET / HTTP/1.1]: Accept: text/html,application/xhtml+xml,application/xml;q=0.9,image/avif,image/webp,image/apng,*/*;q=0.8,application/signed-exchange;v=b3;q=0.7
2026-07-04 01:00:27,747 - INFO - [GET / HTTP/1.1]: Sec-Fetch-Site: none
2026-07-04 01:00:27,747 - INFO - [GET / HTTP/1.1]: Sec-Fetch-Mode: navigate
2026-07-04 01:00:27,747 - INFO - [GET / HTTP/1.1]: Sec-Fetch-User: ?1
2026-07-04 01:00:27,747 - INFO - [GET / HTTP/1.1]: Sec-Fetch-Dest: document
2026-07-04 01:00:27,747 - INFO - [GET / HTTP/1.1]: Accept-Encoding: gzip, deflate, br, zstd
2026-07-04 01:00:27,747 - INFO - [GET / HTTP/1.1]: Accept-Language: ru,en;q=0.9
2026-07-04 01:00:27,747 - ERROR - Unhandled exception in client_connected_cb
transport: <_ProactorSocketTransport closed>
Traceback (most recent call last):
  File "Q:\13. Synergy\Python PRO\Продвинутый Python\Итоговый_проект_2\server.py", line 85, in handle_client
    await writer.wait_closed()
  File "C:\Users\Mangust\AppData\Local\Python\pythoncore-3.14-64\Lib\asyncio\streams.py", line 358, in wait_closed
    await self._protocol._get_close_waiter(self)
  File "C:\Users\Mangust\AppData\Local\Python\pythoncore-3.14-64\Lib\asyncio\proactor_events.py", line 402, in _loop_writing
    self._write_fut = self._loop._proactor.send(self._sock, data)
                      ~~~~~~~~~~~~~~~~~~~~~~~~~^^^^^^^^^^^^^^^^^^
  File "C:\Users\Mangust\AppData\Local\Python\pythoncore-3.14-64\Lib\asyncio\windows_events.py", line 543, in send
    ov.WSASend(conn.fileno(), buf, flags)
    ~~~~~~~~~~^^^^^^^^^^^^^^^^^^^^^^^^^^^
ConnectionAbortedError: [WinError 10053] Программа на вашем хост-компьютере разорвала установленное подключение
2026-07-04 01:00:52,223 - INFO - Server shutting down.
2026-07-04 01:01:16,923 - INFO - Chat server started on ('127.0.0.1', 9999)
2026-07-04 01:02:41,595 - INFO - Server shutting down.
2026-07-04 01:02:43,552 - INFO - Chat server started on ('127.0.0.1', 9999)
2026-07-04 01:03:02,108 - INFO - User 'Иван' connected from ('127.0.0.1', 61193)
2026-07-04 01:03:13,886 - INFO - [Иван]: /help
2026-07-04 01:03:22,993 - INFO - [Иван]: /users
2026-07-04 01:03:37,843 - INFO - User 'Сергей' connected from ('127.0.0.1', 50188)
2026-07-04 01:03:58,552 - INFO - [Сергей]: /help
2026-07-04 01:04:07,224 - INFO - [Сергей]: /random
